( cd build && cmake  .. && cmake --build . --config Release -j8 )
-- MY prefix path:    /home/davis/dev2/SuiteSparse/Example/..
-- Building MY library version: v1.8.9 (June 1, 2025)
-- Found OpenMP: TRUE (found version "4.5") found components: C 
-- SuiteSparse_config version: 7.11.0
-- SuiteSparse_config include: /home/davis/dev2/SuiteSparse/include/suitesparse
-- SuiteSparse_config library: /home/davis/dev2/SuiteSparse/lib/libsuitesparseconfig.so.7.11.0
-- SuiteSparse_config static:  /home/davis/dev2/SuiteSparse/lib/libsuitesparseconfig.a
-- AMD version: 3.3.4
-- AMD include: /home/davis/dev2/SuiteSparse/include/suitesparse
-- AMD library: /home/davis/dev2/SuiteSparse/lib/libamd.so.3.3.4
-- AMD static:  /home/davis/dev2/SuiteSparse/lib/libamd.a
-- BTF version: 2.3.3
-- BTF include: /home/davis/dev2/SuiteSparse/include/suitesparse
-- BTF library: /home/davis/dev2/SuiteSparse/lib/libbtf.so.2.3.3
-- BTF static:  /home/davis/dev2/SuiteSparse/lib/libbtf.a
-- CAMD version: 3.3.5
-- CAMD include: /home/davis/dev2/SuiteSparse/include/suitesparse
-- CAMD library: /home/davis/dev2/SuiteSparse/lib/libcamd.so.3.3.5
-- CAMD static:  /home/davis/dev2/SuiteSparse/lib/libcamd.a
-- CCOLAMD version: 3.3.5
-- CCOLAMD include: /home/davis/dev2/SuiteSparse/include/suitesparse
-- CCOLAMD library: /home/davis/dev2/SuiteSparse/lib/libccolamd.so.3.3.5
-- CCOLAMD static:  /home/davis/dev2/SuiteSparse/lib/libccolamd.a
-- COLAMD version: 3.3.5
-- COLAMD include: /home/davis/dev2/SuiteSparse/include/suitesparse
-- COLAMD library: /home/davis/dev2/SuiteSparse/lib/libcolamd.so.3.3.5
-- COLAMD static:  /home/davis/dev2/SuiteSparse/lib/libcolamd.a
-- CHOLMOD version: 5.3.4
-- CHOLMOD include: /home/davis/dev2/SuiteSparse/include/suitesparse
-- CHOLMOD library: /home/davis/dev2/SuiteSparse/lib/libcholmod.so.5.3.4
-- CHOLMOD static:  /home/davis/dev2/SuiteSparse/lib/libcholmod.a
-- COLAMD version: 3.3.5
-- COLAMD include: /home/davis/dev2/SuiteSparse/include/suitesparse
-- COLAMD library: /home/davis/dev2/SuiteSparse/lib/libcolamd.so.3.3.5
-- COLAMD static:  /home/davis/dev2/SuiteSparse/lib/libcolamd.a
-- CXSparse version: 4.4.2
-- CXSparse include: /home/davis/dev2/SuiteSparse/include/suitesparse
-- CXSparse library: /home/davis/dev2/SuiteSparse/lib/libcxsparse.so.4.4.2
-- CXSparse static:  /home/davis/dev2/SuiteSparse/lib/libcxsparse.a
-- GraphBLAS version: 10.1.1
-- GraphBLAS include: /home/davis/dev2/SuiteSparse/include/suitesparse
-- GraphBLAS library: /home/davis/dev2/SuiteSparse/lib/libgraphblas.so.10.1.1
-- GraphBLAS static:  
-- KLU version: 2.3.6
-- KLU include: /home/davis/dev2/SuiteSparse/include/suitesparse
-- KLU library: /home/davis/dev2/SuiteSparse/lib/libklu.so.2.3.6
-- KLU static:  /home/davis/dev2/SuiteSparse/lib/libklu.a
-- KLU_CHOLMOD version: 2.3.6
-- KLU_CHOLMOD include: /home/davis/dev2/SuiteSparse/include/suitesparse
-- KLU_CHOLMOD library: /home/davis/dev2/SuiteSparse/lib/libklu_cholmod.so.2.3.6
-- KLU_CHOLMOD static:  /home/davis/dev2/SuiteSparse/lib/libklu_cholmod.a
-- LDL version: 3.3.3
-- LDL include: /home/davis/dev2/SuiteSparse/include/suitesparse
-- LDL library: /home/davis/dev2/SuiteSparse/lib/libldl.so.3.3.3
-- LDL static:  /home/davis/dev2/SuiteSparse/lib/libldl.a
-- GraphBLAS version: 10.1.1
-- GraphBLAS include: /home/davis/dev2/SuiteSparse/include/suitesparse
-- GraphBLAS library: /home/davis/dev2/SuiteSparse/lib/libgraphblas.so.10.1.1
-- GraphBLAS static:  
-- LAGraph version: 1.2.0
-- LAGraph include: /home/davis/dev2/SuiteSparse/include/suitesparse
-- LAGraph library: /home/davis/dev2/SuiteSparse/lib/liblagraph.so.1.2.0
-- LAGraph static:  /home/davis/dev2/SuiteSparse/lib/liblagraph.a
-- SuiteSparse_Mongoose version: 3.3.5
-- SuiteSparse_Mongoose include: /home/davis/dev2/SuiteSparse/include/suitesparse
-- SuiteSparse_Mongoose library: /home/davis/dev2/SuiteSparse/lib/libsuitesparse_mongoose.so.3
-- SuiteSparse_Mongoose static:  /home/davis/dev2/SuiteSparse/lib/libsuitesparse_mongoose.a
-- UMFPACK version: 6.3.6
-- UMFPACK include: /home/davis/dev2/SuiteSparse/include/suitesparse
-- UMFPACK library: /home/davis/dev2/SuiteSparse/lib/libumfpack.so.6.3.6
-- UMFPACK static:  /home/davis/dev2/SuiteSparse/lib/libumfpack.a
-- Found OpenMP: TRUE (found version "4.5") found components: CXX 
-- ParU version: 1.0.1
-- ParU include: /home/davis/dev2/SuiteSparse/include/suitesparse
-- ParU library: /home/davis/dev2/SuiteSparse/lib/libparu.so.1.0.1
-- ParU static:  /home/davis/dev2/SuiteSparse/lib/libparu.a
-- RBio version: 4.3.5
-- RBio include: /home/davis/dev2/SuiteSparse/include/suitesparse
-- RBio library: /home/davis/dev2/SuiteSparse/lib/librbio.so.4.3.5
-- RBio static:  /home/davis/dev2/SuiteSparse/lib/librbio.a
-- SPEX version: 3.2.4
-- SPEX include: /home/davis/dev2/SuiteSparse/include/suitesparse
-- SPEX library: /home/davis/dev2/SuiteSparse/lib/libspex.so.3.2.4
-- SPEX static:  /home/davis/dev2/SuiteSparse/lib/libspex.a
-- SPQR version: 4.3.5
-- SPQR include: /home/davis/dev2/SuiteSparse/include/suitesparse
-- SPQR library: /home/davis/dev2/SuiteSparse/lib/libspqr.so.4.3.5
-- SPQR static:  /home/davis/dev2/SuiteSparse/lib/libspqr.a
-- UMFPACK version: 6.3.6
-- UMFPACK include: /home/davis/dev2/SuiteSparse/include/suitesparse
-- UMFPACK library: /home/davis/dev2/SuiteSparse/lib/libumfpack.so.6.3.6
-- UMFPACK static:  /home/davis/dev2/SuiteSparse/lib/libumfpack.a
-- MY source:         /home/davis/dev2/SuiteSparse/Example
-- MY build:          /home/davis/dev2/SuiteSparse/Example/build
-- MY install prefix: /usr/local
-- MY install rpath:  
-- MY build   rpath:  
-- Configuring done
-- Generating done
-- Build files have been written to: /home/davis/dev2/SuiteSparse/Example/build
gmake[1]: Entering directory '/home/davis/dev2/SuiteSparse/Example/build'
gmake[2]: Entering directory '/home/davis/dev2/SuiteSparse/Example/build'
gmake[3]: Entering directory '/home/davis/dev2/SuiteSparse/Example/build'
gmake[3]: Entering directory '/home/davis/dev2/SuiteSparse/Example/build'
gmake[3]: Entering directory '/home/davis/dev2/SuiteSparse/Example/build'
gmake[3]: Entering directory '/home/davis/dev2/SuiteSparse/Example/build'
Consolidate compiler generated dependencies of target my_static
gmake[3]: Leaving directory '/home/davis/dev2/SuiteSparse/Example/build'
Consolidate compiler generated dependencies of target my_cxx_static
Consolidate compiler generated dependencies of target my
gmake[3]: Leaving directory '/home/davis/dev2/SuiteSparse/Example/build'
gmake[3]: Leaving directory '/home/davis/dev2/SuiteSparse/Example/build'
Consolidate compiler generated dependencies of target my_cxx
gmake[3]: Leaving directory '/home/davis/dev2/SuiteSparse/Example/build'
[ 25%] Built target my
[ 25%] Built target my_static
[ 37%] Built target my_cxx_static
[ 50%] Built target my_cxx
gmake[3]: Entering directory '/home/davis/dev2/SuiteSparse/Example/build'
gmake[3]: Entering directory '/home/davis/dev2/SuiteSparse/Example/build'
gmake[3]: Entering directory '/home/davis/dev2/SuiteSparse/Example/build'
gmake[3]: Entering directory '/home/davis/dev2/SuiteSparse/Example/build'
Consolidate compiler generated dependencies of target my_demo
gmake[3]: Leaving directory '/home/davis/dev2/SuiteSparse/Example/build'
Consolidate compiler generated dependencies of target my_demo_static
gmake[3]: Leaving directory '/home/davis/dev2/SuiteSparse/Example/build'
Consolidate compiler generated dependencies of target my_cxx_demo
gmake[3]: Leaving directory '/home/davis/dev2/SuiteSparse/Example/build'
Consolidate compiler generated dependencies of target my_cxx_demo_static
gmake[3]: Leaving directory '/home/davis/dev2/SuiteSparse/Example/build'
[ 62%] Built target my_demo
[ 75%] Built target my_demo_static
[ 87%] Built target my_cxx_demo_static
[100%] Built target my_cxx_demo
gmake[2]: Leaving directory '/home/davis/dev2/SuiteSparse/Example/build'
gmake[1]: Leaving directory '/home/davis/dev2/SuiteSparse/Example/build'
( cd build && ./my_demo )
My demo
Date from #include 'my.h':  June 1, 2025
Date from compiled library: June 1, 2025
version from #include 'my.h.': 1.8.9
version from compiled library: 1.8.9

------------------------------------------------------------
MY: v1.8.9 (June 1, 2025)
MY: v1.8.9 (in library)
MY version code: 1008009
MY date: June 1, 2025

------------------------------------------------------------
SuiteSparse_config: v7.11.0 (July 25, 2025)
SuiteSparse_config: v7.11.0 (in library)
SuiteSparse_config version code: 7011000

------------------------------------------------------------
CXSparse: v4.4.2 (June 1, 2025)
CXSparse: v4.4.2 (in library)
CXSparse version code: 4004002
CXSparse Version 4.4.2, June 1, 2025.  Copyright (c) Timothy A. Davis, 2006-2024
2-by-2, nzmax: 4 nnz: 4, 1-norm: 34
    col 0 : locations 0 to 1
      0 : 11
      1 : 21
    col 1 : locations 2 to 3
      0 : 12
      1 : 22

------------------------------------------------------------
AMD: v3.3.4 (June 1, 2025)
AMD: v3.3.4 (in library)
AMD version code: 3003004
P [0] = 0
P [1] = 1

------------------------------------------------------------
BTF: v2.3.3 (June 1, 2025)
BTF: v2.3.3 (in library)
BTF version code: 2003003
P [0] = 0
P [1] = 1
Q [0] = 0
Q [1] = 1
nblocks 1

------------------------------------------------------------
CAMD: v3.3.5 (June 1, 2025)
CAMD: v3.3.5 (in library)
CAMD version code: 3003005
P [0] = 0
P [1] = 1

------------------------------------------------------------
CCOLAMD: v3.3.5 (June 1, 2025)
CCOLAMD: v3.3.5 (in library)
CCOLAMD version code: 3003005
P [0] = 0
P [1] = 1

------------------------------------------------------------
COLAMD: v3.3.5 (June 1, 2025)
COLAMD: v3.3.5 (in library)
COLAMD version code: 3003005
P [0] = 0
P [1] = 1

------------------------------------------------------------
CHOLMOD: v5.3.4 (June 1, 2025)
CHOLMOD: v5.3.4 (in library)
CHOLMOD version code: 5003004

------------------------------------------------------------
GraphBLAS: v10.1.1 (July 25, 2025)
GraphBLAS: v10.1.1 (in library)
GraphBLAS version code: 10001001

------------------------------------------------------------
LAGraph: v1.2.0 (July 25, 2025)
LAGraph: v1.2.0 (in library)
LAGraph version code: 1002000

------------------------------------------------------------
KLU: v2.3.6 (June 1, 2025)
KLU: v2.3.6 (in library)
KLU version code: 2003006
x [0] = 36.4
x [1] = -32.7
error: 7.10543e-14

------------------------------------------------------------
LDL: v3.3.3 (June 1, 2025)
LDL: v3.3.3 (in library)
LDL version code: 3003003
x2 [0] = 36.4
x2 [1] = -32.7
error: 0

------------------------------------------------------------
RBio: v4.3.5 (June 1, 2025)
RBio: v4.3.5 (in library)
RBio version code: 4003005
njumbled 0, nzeros 0
result 0
mtype: iua
2-by-2 matrix                                                          |simple  
             3             1             1             1
iua                        2             2             4             0
(40I2)          (40I2)          (26I3)              
 1 3 5
 1 2 1 2
 11 21 12 22

------------------------------------------------------------
SPEX: v3.2.4 (June 1, 2025)
SPEX: v3.2.4 (in library)
SPEX version code: 3002004

------------------------------------------------------------
SuiteSparseQR: v4.3.5 (June 1, 2025)
SuiteSparseQR: v4.3.5 (in library)
SuiteSparseQR version code: 4003005

CHOLMOD dense:   X from QR:  2-by-1, 
  leading dimension 2, nzmax 2, real, double
  col 0:
         0: 36.4 
         1: -32.7 
  OK


------------------------------------------------------------
UMFPACK: v6.3.6 (June 1, 2025)
UMFPACK: v6.3.6 (in library)
UMFPACK version code: 6003006
UMFPACK V6.3.6 (June 1, 2025)
UMFPACK:  Copyright (c) 2005-2024 by Timothy A. Davis.  All Rights Reserved.

UMFPACK License: SPDX-License-Identifier: GPL-2.0+
   UMFPACK is available under alternate licenses,
   contact T. Davis for details.
BLAS used: Intel MKL 64lp BLAS (32-bit integers)
BLAS integer size: 4 bytes
x [0] = 36.4
x [1] = -32.7
error: 5.68434e-14

UMFPACK:  Copyright (c) 2005-2024 by Timothy A. Davis.  All Rights Reserved.


UMFPACK License: SPDX-License-Identifier: GPL-2.0+
   UMFPACK is available under alternate licenses,
   contact T. Davis for details.


Availability: http://www.suitesparse.com
UMFPACK V6.3.6 (June 1, 2025): OK

UMFPACK V6.3.6 (June 1, 2025), Info:
    matrix entry defined as:          double
    Int (generic integer) defined as: int64_t
    BLAS library used: Intel MKL 64lp BLAS (32-bit integers).  size of BLAS integer: 4
    MATLAB: no.
    CPU timer: omp_get_wtime
    number of rows in matrix A:       2
    number of columns in matrix A:    2
    entries in matrix A:              4
    memory usage reported in:         16-byte Units
    size of int32_t:                  4 bytes
    size of int64_t:                  8 bytes
    size of pointer:                  8 bytes
    size of numerical entry:          8 bytes

    strategy used:                    symmetric
    ordering used:                    amd on A+A'
    modify Q during factorization:    no
    prefer diagonal pivoting:         yes
    pivots with zero Markowitz cost:               0
    submatrix S after removing zero-cost pivots:
        number of "dense" rows:                    0
        number of "dense" columns:                 0
        number of empty rows:                      0
        number of empty columns                    0
        submatrix S square and diagonal preserved
    pattern of square submatrix S:
        number rows and columns                    2
        symmetry of nonzero pattern:               1.000000
        nz in S+S' (excl. diagonal):               2
        nz on diagonal of matrix S:                2
        fraction of nz on diagonal:                1.000000
    ordering statistics, for strict diagonal pivoting:
        est. flops for LU factorization:           3.00000e+00
        est. nz in L+U (incl. diagonal):           4
        est. largest front (# entries):            4
        est. max nz in any column of L:            2
        number of "dense" rows/columns in S+S':    0
    symbolic factorization defragmentations:       0
    symbolic memory usage (Units):                 81
    symbolic memory usage (MBytes):                0.0
    Symbolic size (Units):                         40
    Symbolic size (MBytes):                        0
    symbolic factorization wallclock time(sec):    0.00

    matrix scaled: yes (divided each row by sum of abs values in each row)
    minimum sum (abs (rows of A)):              2.30000e+01
    maximum sum (abs (rows of A)):              4.30000e+01

    symbolic/numeric factorization:      upper bound               actual      %
    variable-sized part of Numeric object:
        initial size (Units)                      45                   40    89%
        peak size (Units)                        638                  636   100%
        final size (Units)                         3                    5   167%
    Numeric final size (Units)                    50                   51   102%
    Numeric final size (MBytes)                  0.0                  0.0   102%
    peak memory usage (Units)                    758                  756   100%
    peak memory usage (MBytes)                   0.0                  0.0   100%
    numeric factorization flops          3.00000e+00          3.00000e+00   100%
    nz in L (incl diagonal)                        3                    3   100%
    nz in U (incl diagonal)                        3                    3   100%
    nz in L+U (incl diagonal)                      4                    4   100%
    largest front (# entries)                      6                    4    67%
    largest # rows in front                        3                    2    67%
    largest # columns in front                     2                    2   100%

    initial allocation ratio used:                 1.2
    # of forced updates due to frontal growth:     0
    number of off-diagonal pivots:                 0
    nz in L (incl diagonal), if none dropped       3
    nz in U (incl diagonal), if none dropped       3
    number of small entries dropped                0
    nonzeros on diagonal of U:                     2
    min abs. value on diagonal of U:               2.11e-02
    max abs. value on diagonal of U:               4.78e-01
    estimate of reciprocal of condition number:    4.42e-02
    indices in compressed pattern:                 2
    numerical values stored in Numeric object:     4
    numeric factorization defragmentations:        0
    numeric factorization reallocations:           0
    costly numeric factorization reallocations:    0
    numeric factorization wallclock time (sec):    0.00

    solve flops:                                   4.20000e+01
    iterative refinement steps taken:              0
    iterative refinement steps attempted:          0
    sparse backward error omega1:                  7.44e-17
    sparse backward error omega2:                  0.00e+00
    solve wall clock time (sec):                   0.00

    total symbolic + numeric + solve flops:        4.50000e+01

