( cd build && cmake  .. && cmake --build . --config Release -j8 )
-- Building RBio version: v4.3.5 (June 1, 2025)
-- Source:           /home/davis/dev2/SuiteSparse/RBio 
-- Build:            /home/davis/dev2/SuiteSparse/RBio/build 
-- Install lib:      /home/davis/dev2/SuiteSparse/lib
-- Install include:  /home/davis/dev2/SuiteSparse/include/suitesparse
-- Install bin:      /home/davis/dev2/SuiteSparse/bin
-- Install pkg-file: /home/davis/dev2/SuiteSparse/lib
-- Install rpath:    $ORIGIN;/home/davis/dev2/SuiteSparse/lib
-- Build   rpath:    /home/davis/dev2/SuiteSparse/lib
-- Build type:       Release 
-- Checking if Fortran is available and compatible with C/C++
-- Fortran:          enabled
-- CUDA:             not found
-- CUDA:             not enabled
-- SuiteSparse_config version: 7.11.0
-- SuiteSparse_config include: /home/davis/dev2/SuiteSparse/SuiteSparse_config
-- SuiteSparse_config library: /home/davis/dev2/SuiteSparse/SuiteSparse_config/build/libsuitesparseconfig.so.7.11.0
-- SuiteSparse_config static:  /home/davis/dev2/SuiteSparse/SuiteSparse_config/build/libsuitesparseconfig.a
-- Also compiling the demos in RBio/Demo
-- ------------------------------------------------------------------------
-- SuiteSparse CMAKE report for: RBio
-- ------------------------------------------------------------------------
-- inside common SuiteSparse root:  true
-- install in SuiteSparse/lib and SuiteSparse/include: 1
-- build type:           Release
-- BUILD_SHARED_LIBS:    ON
-- BUILD_STATIC_LIBS:    ON
-- C compiler:           /usr/bin/gcc 
-- C flags:              
-- C++ compiler:         /usr/bin/g++
-- C++ flags:            
-- C Flags release:      -O3 -DNDEBUG 
-- C++ Flags release:    -O3 -DNDEBUG 
-- Fortran compiler:     /usr/bin/f95 
-- compile definitions:  
-- ------------------------------------------------------------------------
-- Configuring done
-- Generating done
-- Build files have been written to: /home/davis/dev2/SuiteSparse/RBio/build
gmake[1]: Entering directory '/home/davis/dev2/SuiteSparse/RBio/build'
gmake[2]: Entering directory '/home/davis/dev2/SuiteSparse/RBio/build'
gmake[3]: Entering directory '/home/davis/dev2/SuiteSparse/RBio/build'
gmake[3]: Entering directory '/home/davis/dev2/SuiteSparse/RBio/build'
Consolidate compiler generated dependencies of target RBio_static
Consolidate compiler generated dependencies of target RBio
gmake[3]: Leaving directory '/home/davis/dev2/SuiteSparse/RBio/build'
gmake[3]: Leaving directory '/home/davis/dev2/SuiteSparse/RBio/build'
[ 37%] Built target RBio
[ 75%] Built target RBio_static
gmake[3]: Entering directory '/home/davis/dev2/SuiteSparse/RBio/build'
Consolidate compiler generated dependencies of target RBdemo
gmake[3]: Leaving directory '/home/davis/dev2/SuiteSparse/RBio/build'
[100%] Built target RBdemo
gmake[2]: Leaving directory '/home/davis/dev2/SuiteSparse/RBio/build'
gmake[1]: Leaving directory '/home/davis/dev2/SuiteSparse/RBio/build'
( cd build && cmake  -DSUITESPARSE_DEMOS=1 .. && cmake --build . --config Release -j8 )
-- Building RBio version: v4.3.5 (June 1, 2025)
-- Source:           /home/davis/dev2/SuiteSparse/RBio 
-- Build:            /home/davis/dev2/SuiteSparse/RBio/build 
-- Install lib:      /home/davis/dev2/SuiteSparse/lib
-- Install include:  /home/davis/dev2/SuiteSparse/include/suitesparse
-- Install bin:      /home/davis/dev2/SuiteSparse/bin
-- Install pkg-file: /home/davis/dev2/SuiteSparse/lib
-- Install rpath:    $ORIGIN;/home/davis/dev2/SuiteSparse/lib
-- Build   rpath:    /home/davis/dev2/SuiteSparse/lib
-- Build type:       Release 
-- Checking if Fortran is available and compatible with C/C++
-- Fortran:          enabled
-- CUDA:             not found
-- CUDA:             not enabled
-- SuiteSparse_config version: 7.11.0
-- SuiteSparse_config include: /home/davis/dev2/SuiteSparse/SuiteSparse_config
-- SuiteSparse_config library: /home/davis/dev2/SuiteSparse/SuiteSparse_config/build/libsuitesparseconfig.so.7.11.0
-- SuiteSparse_config static:  /home/davis/dev2/SuiteSparse/SuiteSparse_config/build/libsuitesparseconfig.a
-- Also compiling the demos in RBio/Demo
-- ------------------------------------------------------------------------
-- SuiteSparse CMAKE report for: RBio
-- ------------------------------------------------------------------------
-- inside common SuiteSparse root:  true
-- install in SuiteSparse/lib and SuiteSparse/include: 1
-- build type:           Release
-- BUILD_SHARED_LIBS:    ON
-- BUILD_STATIC_LIBS:    ON
-- C compiler:           /usr/bin/gcc 
-- C flags:              
-- C++ compiler:         /usr/bin/g++
-- C++ flags:            
-- C Flags release:      -O3 -DNDEBUG 
-- C++ Flags release:    -O3 -DNDEBUG 
-- Fortran compiler:     /usr/bin/f95 
-- compile definitions:  
-- ------------------------------------------------------------------------
-- Configuring done
-- Generating done
-- Build files have been written to: /home/davis/dev2/SuiteSparse/RBio/build
gmake[1]: Entering directory '/home/davis/dev2/SuiteSparse/RBio/build'
gmake[2]: Entering directory '/home/davis/dev2/SuiteSparse/RBio/build'
gmake[3]: Entering directory '/home/davis/dev2/SuiteSparse/RBio/build'
gmake[3]: Entering directory '/home/davis/dev2/SuiteSparse/RBio/build'
Consolidate compiler generated dependencies of target RBio_static
Consolidate compiler generated dependencies of target RBio
gmake[3]: Leaving directory '/home/davis/dev2/SuiteSparse/RBio/build'
gmake[3]: Leaving directory '/home/davis/dev2/SuiteSparse/RBio/build'
[ 37%] Built target RBio
[ 75%] Built target RBio_static
gmake[3]: Entering directory '/home/davis/dev2/SuiteSparse/RBio/build'
Consolidate compiler generated dependencies of target RBdemo
gmake[3]: Leaving directory '/home/davis/dev2/SuiteSparse/RBio/build'
[100%] Built target RBdemo
gmake[2]: Leaving directory '/home/davis/dev2/SuiteSparse/RBio/build'
gmake[1]: Leaving directory '/home/davis/dev2/SuiteSparse/RBio/build'
./build/RBdemo < ./RBio/private/west0479.rua
RBio version 4.3.5, date: June 1, 2025

===========================================================
title: [1U 8 STAGE COLUMN SECTION, ALL SECTIONS RIGOROUS ( CHEM. ENG. )]
status 0
key [WEST0479] nrow 479 ncol 479
mkind 0 skind 0 asize 3820 znz 22
mtype from file:               [RUA]
(A) RBok status 0 0 0
(Z) RBok status 0 0 0
mtype from examining matrix:   [rua]
mtype after reading from file: [rua]
raw nrow 479 ncol 479 nnz 1910 nelnz 0 xsize 1910
mtype from raw read from file: [rua]
(P) RBok status 0 0 0
mtype of pattern:              [pua]
mtype of tril(A):              [rua]
(L) RBok status 0 0 22
RBdemo OK
